
 â”Œâ”€â”€â”€â”€â”€â”€â”€â”€â”€â”€â”€â”€â”€â”€â”€â”€â”€â”€â”€â”€â”€â”€â”€â”€â”€â”€â”€â”€â”€â”€â”€â”€â”€â”€â”€â”€â”€â”€â”€â”€â”€â”€â”€â”€â”€â”€â”€â”€â”€â”€â”€â” 
 â”‚                   Fiber v2.32.0                   â”‚ 
 â”‚              http://127.0.0.1:13013               â”‚ 
 â”‚      (bound on host 0.0.0.0 and port 13013)       â”‚ 
 â”‚                                                   â”‚ 
 â”‚ Handlers ............ 15  Processes ........... 1 â”‚ 
 â”‚ Prefork ....... Disabled  PID .............. 2248 â”‚ 
 â””â”€â”€â”€â”€â”€â”€â”€â”€â”€â”€â”€â”€â”€â”€â”€â”€â”€â”€â”€â”€â”€â”€â”€â”€â”€â”€â”€â”€â”€â”€â”€â”€â”€â”€â”€â”€â”€â”€â”€â”€â”€â”€â”€â”€â”€â”€â”€â”€â”€â”€â”€â”˜ 

2022/09/18 23:05:17 fork/exec ./run.sh: exec format error

 â”Œâ”€â”€â”€â”€â”€â”€â”€â”€â”€â”€â”€â”€â”€â”€â”€â”€â”€â”€â”€â”€â”€â”€â”€â”€â”€â”€â”€â”€â”€â”€â”€â”€â”€â”€â”€â”€â”€â”€â”€â”€â”€â”€â”€â”€â”€â”€â”€â”€â”€â”€â”€â” 
 â”‚                   Fiber v2.32.0                   â”‚ 
 â”‚              http://127.0.0.1:13013               â”‚ 
 â”‚      (bound on host 0.0.0.0 and port 13013)       â”‚ 
 â”‚                                                   â”‚ 
 â”‚ Handlers ............ 15  Processes ........... 1 â”‚ 
 â”‚ Prefork ....... Disabled  PID .............. 4386 â”‚ 
 â””â”€â”€â”€â”€â”€â”€â”€â”€â”€â”€â”€â”€â”€â”€â”€â”€â”€â”€â”€â”€â”€â”€â”€â”€â”€â”€â”€â”€â”€â”€â”€â”€â”€â”€â”€â”€â”€â”€â”€â”€â”€â”€â”€â”€â”€â”€â”€â”€â”€â”€â”€â”˜ 

2022/09/18 23:09:32 fork/exec ./run.sh: exec format error

 â”Œâ”€â”€â”€â”€â”€â”€â”€â”€â”€â”€â”€â”€â”€â”€â”€â”€â”€â”€â”€â”€â”€â”€â”€â”€â”€â”€â”€â”€â”€â”€â”€â”€â”€â”€â”€â”€â”€â”€â”€â”€â”€â”€â”€â”€â”€â”€â”€â”€â”€â”€â”€â” 
 â”‚                   Fiber v2.32.0                   â”‚ 
 â”‚              http://127.0.0.1:13013               â”‚ 
 â”‚      (bound on host 0.0.0.0 and port 13013)       â”‚ 
 â”‚                                                   â”‚ 
 â”‚ Handlers ............ 15  Processes ........... 1 â”‚ 
 â”‚ Prefork ....... Disabled  PID .............. 4466 â”‚ 
 â””â”€â”€â”€â”€â”€â”€â”€â”€â”€â”€â”€â”€â”€â”€â”€â”€â”€â”€â”€â”€â”€â”€â”€â”€â”€â”€â”€â”€â”€â”€â”€â”€â”€â”€â”€â”€â”€â”€â”€â”€â”€â”€â”€â”€â”€â”€â”€â”€â”€â”€â”€â”˜ 

2022/09/18 23:10:06 fork/exec ./run.sh: exec format error

 â”Œâ”€â”€â”€â”€â”€â”€â”€â”€â”€â”€â”€â”€â”€â”€â”€â”€â”€â”€â”€â”€â”€â”€â”€â”€â”€â”€â”€â”€â”€â”€â”€â”€â”€â”€â”€â”€â”€â”€â”€â”€â”€â”€â”€â”€â”€â”€â”€â”€â”€â”€â”€â” 
 â”‚                   Fiber v2.32.0                   â”‚ 
 â”‚              http://127.0.0.1:13013               â”‚ 
 â”‚      (bound on host 0.0.0.0 and port 13013)       â”‚ 
 â”‚                                                   â”‚ 
 â”‚ Handlers ............ 15  Processes ........... 1 â”‚ 
 â”‚ Prefork ....... Disabled  PID .............. 6158 â”‚ 
 â””â”€â”€â”€â”€â”€â”€â”€â”€â”€â”€â”€â”€â”€â”€â”€â”€â”€â”€â”€â”€â”€â”€â”€â”€â”€â”€â”€â”€â”€â”€â”€â”€â”€â”€â”€â”€â”€â”€â”€â”€â”€â”€â”€â”€â”€â”€â”€â”€â”€â”€â”€â”˜ 


 â”Œâ”€â”€â”€â”€â”€â”€â”€â”€â”€â”€â”€â”€â”€â”€â”€â”€â”€â”€â”€â”€â”€â”€â”€â”€â”€â”€â”€â”€â”€â”€â”€â”€â”€â”€â”€â”€â”€â”€â”€â”€â”€â”€â”€â”€â”€â”€â”€â”€â”€â”€â”€â” 
 â”‚                   Fiber v2.32.0                   â”‚ 
 â”‚              http://127.0.0.1:13013               â”‚ 
 â”‚      (bound on host 0.0.0.0 and port 13013)       â”‚ 
 â”‚                                                   â”‚ 
 â”‚ Handlers ............ 15  Processes ........... 1 â”‚ 
 â”‚ Prefork ....... Disabled  PID ............. 15864 â”‚ 
 â””â”€â”€â”€â”€â”€â”€â”€â”€â”€â”€â”€â”€â”€â”€â”€â”€â”€â”€â”€â”€â”€â”€â”€â”€â”€â”€â”€â”€â”€â”€â”€â”€â”€â”€â”€â”€â”€â”€â”€â”€â”€â”€â”€â”€â”€â”€â”€â”€â”€â”€â”€â”˜ 


 â”Œâ”€â”€â”€â”€â”€â”€â”€â”€â”€â”€â”€â”€â”€â”€â”€â”€â”€â”€â”€â”€â”€â”€â”€â”€â”€â”€â”€â”€â”€â”€â”€â”€â”€â”€â”€â”€â”€â”€â”€â”€â”€â”€â”€â”€â”€â”€â”€â”€â”€â”€â”€â” 
 â”‚                   Fiber v2.32.0                   â”‚ 
 â”‚              http://127.0.0.1:13013               â”‚ 
 â”‚      (bound on host 0.0.0.0 and port 13013)       â”‚ 
 â”‚                                                   â”‚ 
 â”‚ Handlers ............ 15  Processes ........... 1 â”‚ 
 â”‚ Prefork ....... Disabled  PID ............. 30375 â”‚ 
 â””â”€â”€â”€â”€â”€â”€â”€â”€â”€â”€â”€â”€â”€â”€â”€â”€â”€â”€â”€â”€â”€â”€â”€â”€â”€â”€â”€â”€â”€â”€â”€â”€â”€â”€â”€â”€â”€â”€â”€â”€â”€â”€â”€â”€â”€â”€â”€â”€â”€â”€â”€â”˜ 

02:04:10.786[31m [Client ERROR] Message sending error: failed to get device list: failed to send usync query: info query timed out[0m
02:05:25.787[31m [Client ERROR] Message sending error: failed to get device list: failed to send usync query: info query timed out[0m
02:15:10.233[31m [Client ERROR] Event handler panicked while handling a *events.Message: runtime error: slice bounds out of range [6:0]
goroutine 65 [running]:
runtime/debug.Stack()
	/usr/local/go/src/runtime/debug/stack.go:24 +0x7a
go.mau.fi/whatsmeow.(*Client).dispatchEvent.func1()
	/root/go/pkg/mod/go.mau.fi/whatsmeow@v0.0.0-20220516104204-543fb5c66590/client.go:561 +0x7f
panic({0xf59f00, 0xc000ad4420})
	/usr/local/go/src/runtime/panic.go:844 +0x25a
github.com/leadstolink/go-whatsapp-proxy/app/controllers.getFilename({0xfa6308, 0x5}, 0xc00048e780)
	/home/whatsmeow-proxy/app/controllers/handler.go:122 +0x752
github.com/leadstolink/go-whatsapp-proxy/app/controllers.(*Controller).eventHandler(0xc000033f60, {0xed12e0, 0xc000bd8140})
	/home/whatsmeow-proxy/app/controllers/handler.go:52 +0x67f
go.mau.fi/whatsmeow.(*Client).dispatchEvent(0xc0001da000, {0xed12e0, 0xc000bd8140})
	/root/go/pkg/mod/go.mau.fi/whatsmeow@v0.0.0-20220516104204-543fb5c66590/client.go:565 +0x19d
go.mau.fi/whatsmeow.(*Client).handleDecryptedMessage(0xc0001da000, 0xc00055f9e0, 0xc00048e780)
	/root/go/pkg/mod/go.mau.fi/whatsmeow@v0.0.0-20220516104204-543fb5c66590/message.go:379 +0x127
go.mau.fi/whatsmeow.(*Client).decryptMessages(0xc0001da000, 0xc00055f9e0, 0xc000462990)
	/root/go/pkg/mod/go.mau.fi/whatsmeow@v0.0.0-20220516104204-543fb5c66590/message.go:150 +0x1345
go.mau.fi/whatsmeow.(*Client).handleEncryptedMessage(0xc0001da000, 0xc000462990)
	/root/go/pkg/mod/go.mau.fi/whatsmeow@v0.0.0-20220516104204-543fb5c66590/message.go:46 +0x385
go.mau.fi/whatsmeow.(*Client).handlerQueueLoop(0xc0001da000, {0x1043d88, 0xc00034a680})
	/root/go/pkg/mod/go.mau.fi/whatsmeow@v0.0.0-20220516104204-543fb5c66590/client.go:526 +0x172
created by go.mau.fi/whatsmeow.(*Client).Connect
	/root/go/pkg/mod/go.mau.fi/whatsmeow@v0.0.0-20220516104204-543fb5c66590/client.go:290 +0x58f
[0m
09:03:40.560[31m [Client ERROR] Event handler panicked while handling a *events.Message: runtime error: slice bounds out of range [6:0]
goroutine 65 [running]:
runtime/debug.Stack()
	/usr/local/go/src/runtime/debug/stack.go:24 +0x7a
go.mau.fi/whatsmeow.(*Client).dispatchEvent.func1()
	/root/go/pkg/mod/go.mau.fi/whatsmeow@v0.0.0-20220516104204-543fb5c66590/client.go:561 +0x7f
panic({0xf59f00, 0xc000ad4258})
	/usr/local/go/src/runtime/panic.go:844 +0x25a
github.com/leadstolink/go-whatsapp-proxy/app/controllers.getFilename({0xfa6308, 0x5}, 0xc000245680)
	/home/whatsmeow-proxy/app/controllers/handler.go:122 +0x752
github.com/leadstolink/go-whatsapp-proxy/app/controllers.(*Controller).eventHandler(0xc000033f60, {0xed12e0, 0xc0004fa000})
	/home/whatsmeow-proxy/app/controllers/handler.go:52 +0x67f
go.mau.fi/whatsmeow.(*Client).dispatchEvent(0xc0001da000, {0xed12e0, 0xc0004fa000})
	/root/go/pkg/mod/go.mau.fi/whatsmeow@v0.0.0-20220516104204-543fb5c66590/client.go:565 +0x19d
go.mau.fi/whatsmeow.(*Client).handleDecryptedMessage(0xc0001da000, 0xc00024e7e0, 0xc000245680)
	/root/go/pkg/mod/go.mau.fi/whatsmeow@v0.0.0-20220516104204-543fb5c66590/message.go:379 +0x127
go.mau.fi/whatsmeow.(*Client).decryptMessages(0xc0001da000, 0xc00024e7e0, 0xc000462150)
	/root/go/pkg/mod/go.mau.fi/whatsmeow@v0.0.0-20220516104204-543fb5c66590/message.go:150 +0x1345
go.mau.fi/whatsmeow.(*Client).handleEncryptedMessage(0xc0001da000, 0xc000462150)
	/root/go/pkg/mod/go.mau.fi/whatsmeow@v0.0.0-20220516104204-543fb5c66590/message.go:46 +0x385
go.mau.fi/whatsmeow.(*Client).handlerQueueLoop(0xc0001da000, {0x1043d88, 0xc00034a680})
	/root/go/pkg/mod/go.mau.fi/whatsmeow@v0.0.0-20220516104204-543fb5c66590/client.go:526 +0x172
created by go.mau.fi/whatsmeow.(*Client).Connect
	/root/go/pkg/mod/go.mau.fi/whatsmeow@v0.0.0-20220516104204-543fb5c66590/client.go:290 +0x58f
[0m
10:09:08.660[31m [Client ERROR] Event handler panicked while handling a *events.Message: runtime error: slice bounds out of range [6:0]
goroutine 65 [running]:
runtime/debug.Stack()
	/usr/local/go/src/runtime/debug/stack.go:24 +0x7a
go.mau.fi/whatsmeow.(*Client).dispatchEvent.func1()
	/root/go/pkg/mod/go.mau.fi/whatsmeow@v0.0.0-20220516104204-543fb5c66590/client.go:561 +0x7f
panic({0xf59f00, 0xc000ad4288})
	/usr/local/go/src/runtime/panic.go:844 +0x25a
github.com/leadstolink/go-whatsapp-proxy/app/controllers.getFilename({0xfa6308, 0x5}, 0xc000360000)
	/home/whatsmeow-proxy/app/controllers/handler.go:122 +0x752
github.com/leadstolink/go-whatsapp-proxy/app/controllers.(*Controller).eventHandler(0xc000033f60, {0xed12e0, 0xc0000dc000})
	/home/whatsmeow-proxy/app/controllers/handler.go:52 +0x67f
go.mau.fi/whatsmeow.(*Client).dispatchEvent(0xc0001da000, {0xed12e0, 0xc0000dc000})
	/root/go/pkg/mod/go.mau.fi/whatsmeow@v0.0.0-20220516104204-543fb5c66590/client.go:565 +0x19d
go.mau.fi/whatsmeow.(*Client).handleDecryptedMessage(0xc0001da000, 0xc00024e7e0, 0xc000360000)
	/root/go/pkg/mod/go.mau.fi/whatsmeow@v0.0.0-20220516104204-543fb5c66590/message.go:379 +0x127
go.mau.fi/whatsmeow.(*Client).decryptMessages(0xc0001da000, 0xc00024e7e0, 0xc0003ce240)
	/root/go/pkg/mod/go.mau.fi/whatsmeow@v0.0.0-20220516104204-543fb5c66590/message.go:150 +0x1345
go.mau.fi/whatsmeow.(*Client).handleEncryptedMessage(0xc0001da000, 0xc0003ce240)
	/root/go/pkg/mod/go.mau.fi/whatsmeow@v0.0.0-20220516104204-543fb5c66590/message.go:46 +0x385
go.mau.fi/whatsmeow.(*Client).handlerQueueLoop(0xc0001da000, {0x1043d88, 0xc00034a680})
	/root/go/pkg/mod/go.mau.fi/whatsmeow@v0.0.0-20220516104204-543fb5c66590/client.go:526 +0x172
created by go.mau.fi/whatsmeow.(*Client).Connect
	/root/go/pkg/mod/go.mau.fi/whatsmeow@v0.0.0-20220516104204-543fb5c66590/client.go:290 +0x58f
[0m

 â”Œâ”€â”€â”€â”€â”€â”€â”€â”€â”€â”€â”€â”€â”€â”€â”€â”€â”€â”€â”€â”€â”€â”€â”€â”€â”€â”€â”€â”€â”€â”€â”€â”€â”€â”€â”€â”€â”€â”€â”€â”€â”€â”€â”€â”€â”€â”€â”€â”€â”€â”€â”€â” 
 â”‚                   Fiber v2.32.0                   â”‚ 
 â”‚              http://127.0.0.1:13013               â”‚ 
 â”‚      (bound on host 0.0.0.0 and port 13013)       â”‚ 
 â”‚                                                   â”‚ 
 â”‚ Handlers ............ 15  Processes ........... 1 â”‚ 
 â”‚ Prefork ....... Disabled  PID .............. 2201 â”‚ 
 â””â”€â”€â”€â”€â”€â”€â”€â”€â”€â”€â”€â”€â”€â”€â”€â”€â”€â”€â”€â”€â”€â”€â”€â”€â”€â”€â”€â”€â”€â”€â”€â”€â”€â”€â”€â”€â”€â”€â”€â”€â”€â”€â”€â”€â”€â”€â”€â”€â”€â”€â”€â”˜ 

11:07:43.405[31m [Client ERROR] Message sending error: failed to get device list: failed to send usync query: info query timed out[0m

 â”Œâ”€â”€â”€â”€â”€â”€â”€â”€â”€â”€â”€â”€â”€â”€â”€â”€â”€â”€â”€â”€â”€â”€â”€â”€â”€â”€â”€â”€â”€â”€â”€â”€â”€â”€â”€â”€â”€â”€â”€â”€â”€â”€â”€â”€â”€â”€â”€â”€â”€â”€â”€â” 
 â”‚                   Fiber v2.32.0                   â”‚ 
 â”‚              http://127.0.0.1:13013               â”‚ 
 â”‚      (bound on host 0.0.0.0 and port 13013)       â”‚ 
 â”‚                                                   â”‚ 
 â”‚ Handlers ............ 15  Processes ........... 1 â”‚ 
 â”‚ Prefork ....... Disabled  PID .............. 2727 â”‚ 
 â””â”€â”€â”€â”€â”€â”€â”€â”€â”€â”€â”€â”€â”€â”€â”€â”€â”€â”€â”€â”€â”€â”€â”€â”€â”€â”€â”€â”€â”€â”€â”€â”€â”€â”€â”€â”€â”€â”€â”€â”€â”€â”€â”€â”€â”€â”€â”€â”€â”€â”€â”€â”˜ 

12:47:33.174[31m [Client ERROR] Message sending error: failed to get device list: failed to send usync query: info query timed out[0m
12:50:33.807[31m [Client ERROR] Message sending error: failed to get device list: failed to send usync query: info query timed out[0m

 â”Œâ”€â”€â”€â”€â”€â”€â”€â”€â”€â”€â”€â”€â”€â”€â”€â”€â”€â”€â”€â”€â”€â”€â”€â”€â”€â”€â”€â”€â”€â”€â”€â”€â”€â”€â”€â”€â”€â”€â”€â”€â”€â”€â”€â”€â”€â”€â”€â”€â”€â”€â”€â” 
 â”‚                   Fiber v2.32.0                   â”‚ 
 â”‚              http://127.0.0.1:13013               â”‚ 
 â”‚      (bound on host 0.0.0.0 and port 13013)       â”‚ 
 â”‚                                                   â”‚ 
 â”‚ Handlers ............ 15  Processes ........... 1 â”‚ 
 â”‚ Prefork ....... Disabled  PID .............. 2926 â”‚ 
 â””â”€â”€â”€â”€â”€â”€â”€â”€â”€â”€â”€â”€â”€â”€â”€â”€â”€â”€â”€â”€â”€â”€â”€â”€â”€â”€â”€â”€â”€â”€â”€â”€â”€â”€â”€â”€â”€â”€â”€â”€â”€â”€â”€â”€â”€â”€â”€â”€â”€â”€â”€â”˜ 

12:54:59.909[31m [Client ERROR] Event handler panicked while handling a *events.Message: runtime error: slice bounds out of range [6:0]
goroutine 19 [running]:
runtime/debug.Stack()
	/usr/local/go/src/runtime/debug/stack.go:24 +0x7a
go.mau.fi/whatsmeow.(*Client).dispatchEvent.func1()
	/root/go/pkg/mod/go.mau.fi/whatsmeow@v0.0.0-20220516104204-543fb5c66590/client.go:561 +0x7f
panic({0xf59f00, 0xc000038cc0})
	/usr/local/go/src/runtime/panic.go:844 +0x25a
github.com/leadstolink/go-whatsapp-proxy/app/controllers.getFilename({0xfa6308, 0x5}, 0xc000217680)
	/home/whatsmeow-proxy/app/controllers/handler.go:122 +0x752
github.com/leadstolink/go-whatsapp-proxy/app/controllers.(*Controller).eventHandler(0xc000033f60, {0xed12e0, 0xc0002b0a00})
	/home/whatsmeow-proxy/app/controllers/handler.go:52 +0x67f
go.mau.fi/whatsmeow.(*Client).dispatchEvent(0xc0001da000, {0xed12e0, 0xc0002b0a00})
	/root/go/pkg/mod/go.mau.fi/whatsmeow@v0.0.0-20220516104204-543fb5c66590/client.go:565 +0x19d
go.mau.fi/whatsmeow.(*Client).handleDecryptedMessage(0xc0001da000, 0xc0000c05a0, 0xc000217680)
	/root/go/pkg/mod/go.mau.fi/whatsmeow@v0.0.0-20220516104204-543fb5c66590/message.go:379 +0x127
go.mau.fi/whatsmeow.(*Client).decryptMessages(0xc0001da000, 0xc0000c05a0, 0xc0001b71a0)
	/root/go/pkg/mod/go.mau.fi/whatsmeow@v0.0.0-20220516104204-543fb5c66590/message.go:150 +0x1345
go.mau.fi/whatsmeow.(*Client).handleEncryptedMessage(0xc0001da000, 0xc0001b71a0)
	/root/go/pkg/mod/go.mau.fi/whatsmeow@v0.0.0-20220516104204-543fb5c66590/message.go:46 +0x385
go.mau.fi/whatsmeow.(*Client).handlerQueueLoop(0xc0001da000, {0x1043d88, 0xc000076d40})
	/root/go/pkg/mod/go.mau.fi/whatsmeow@v0.0.0-20220516104204-543fb5c66590/client.go:526 +0x172
created by go.mau.fi/whatsmeow.(*Client).Connect
	/root/go/pkg/mod/go.mau.fi/whatsmeow@v0.0.0-20220516104204-543fb5c66590/client.go:290 +0x58f
[0m

 â”Œâ”€â”€â”€â”€â”€â”€â”€â”€â”€â”€â”€â”€â”€â”€â”€â”€â”€â”€â”€â”€â”€â”€â”€â”€â”€â”€â”€â”€â”€â”€â”€â”€â”€â”€â”€â”€â”€â”€â”€â”€â”€â”€â”€â”€â”€â”€â”€â”€â”€â”€â”€â” 
 â”‚                   Fiber v2.32.0                   â”‚ 
 â”‚              http://127.0.0.1:13013               â”‚ 
 â”‚      (bound on host 0.0.0.0 and port 13013)       â”‚ 
 â”‚                                                   â”‚ 
 â”‚ Handlers ............ 15  Processes ........... 1 â”‚ 
 â”‚ Prefork ....... Disabled  PID ............... 548 â”‚ 
 â””â”€â”€â”€â”€â”€â”€â”€â”€â”€â”€â”€â”€â”€â”€â”€â”€â”€â”€â”€â”€â”€â”€â”€â”€â”€â”€â”€â”€â”€â”€â”€â”€â”€â”€â”€â”€â”€â”€â”€â”€â”€â”€â”€â”€â”€â”€â”€â”€â”€â”€â”€â”˜ 

13:15:08.383[31m [Client ERROR] Event handler panicked while handling a *events.Message: runtime error: slice bounds out of range [6:0]
goroutine 19 [running]:
runtime/debug.Stack()
	/usr/local/go/src/runtime/debug/stack.go:24 +0x7a
go.mau.fi/whatsmeow.(*Client).dispatchEvent.func1()
	/root/go/pkg/mod/go.mau.fi/whatsmeow@v0.0.0-20220516104204-543fb5c66590/client.go:561 +0x7f
panic({0xf59f00, 0xc0000384e0})
	/usr/local/go/src/runtime/panic.go:844 +0x25a
github.com/leadstolink/go-whatsapp-proxy/app/controllers.getFilename({0xfa6308, 0x5}, 0xc000308600)
	/home/whatsmeow-proxy/app/controllers/handler.go:122 +0x752
github.com/leadstolink/go-whatsapp-proxy/app/controllers.(*Controller).eventHandler(0xc000033f60, {0xed12e0, 0xc00037c3c0})
	/home/whatsmeow-proxy/app/controllers/handler.go:52 +0x67f
go.mau.fi/whatsmeow.(*Client).dispatchEvent(0xc0001da000, {0xed12e0, 0xc00037c3c0})
	/root/go/pkg/mod/go.mau.fi/whatsmeow@v0.0.0-20220516104204-543fb5c66590/client.go:565 +0x19d
go.mau.fi/whatsmeow.(*Client).handleDecryptedMessage(0xc0001da000, 0xc00023e900, 0xc000308600)
	/root/go/pkg/mod/go.mau.fi/whatsmeow@v0.0.0-20220516104204-543fb5c66590/message.go:379 +0x127
go.mau.fi/whatsmeow.(*Client).decryptMessages(0xc0001da000, 0xc00023e900, 0xc00025c150)
	/root/go/pkg/mod/go.mau.fi/whatsmeow@v0.0.0-20220516104204-543fb5c66590/message.go:150 +0x1345
go.mau.fi/whatsmeow.(*Client).handleEncryptedMessage(0xc0001da000, 0xc00025c150)
	/root/go/pkg/mod/go.mau.fi/whatsmeow@v0.0.0-20220516104204-543fb5c66590/message.go:46 +0x385
go.mau.fi/whatsmeow.(*Client).handlerQueueLoop(0xc0001da000, {0x1043d88, 0xc00007cd40})
	/root/go/pkg/mod/go.mau.fi/whatsmeow@v0.0.0-20220516104204-543fb5c66590/client.go:526 +0x172
created by go.mau.fi/whatsmeow.(*Client).Connect
	/root/go/pkg/mod/go.mau.fi/whatsmeow@v0.0.0-20220516104204-543fb5c66590/client.go:290 +0x58f
[0m
13:48:24.555[31m [Client ERROR] Event handler panicked while handling a *events.Message: runtime error: slice bounds out of range [6:0]
goroutine 19 [running]:
runtime/debug.Stack()
	/usr/local/go/src/runtime/debug/stack.go:24 +0x7a
go.mau.fi/whatsmeow.(*Client).dispatchEvent.func1()
	/root/go/pkg/mod/go.mau.fi/whatsmeow@v0.0.0-20220516104204-543fb5c66590/client.go:561 +0x7f
panic({0xf59f00, 0xc0000385a0})
	/usr/local/go/src/runtime/panic.go:844 +0x25a
github.com/leadstolink/go-whatsapp-proxy/app/controllers.getFilename({0xfa6308, 0x5}, 0xc0003b5e00)
	/home/whatsmeow-proxy/app/controllers/handler.go:122 +0x752
github.com/leadstolink/go-whatsapp-proxy/app/controllers.(*Controller).eventHandler(0xc000033f60, {0xed12e0, 0xc00037c3c0})
	/home/whatsmeow-proxy/app/controllers/handler.go:52 +0x67f
go.mau.fi/whatsmeow.(*Client).dispatchEvent(0xc0001da000, {0xed12e0, 0xc00037c3c0})
	/root/go/pkg/mod/go.mau.fi/whatsmeow@v0.0.0-20220516104204-543fb5c66590/client.go:565 +0x19d
go.mau.fi/whatsmeow.(*Client).handleDecryptedMessage(0xc0001da000, 0xc00023e7e0, 0xc0003b5e00)
	/root/go/pkg/mod/go.mau.fi/whatsmeow@v0.0.0-20220516104204-543fb5c66590/message.go:379 +0x127
go.mau.fi/whatsmeow.(*Client).decryptMessages(0xc0001da000, 0xc00023e7e0, 0xc000294300)
	/root/go/pkg/mod/go.mau.fi/whatsmeow@v0.0.0-20220516104204-543fb5c66590/message.go:150 +0x1345
go.mau.fi/whatsmeow.(*Client).handleEncryptedMessage(0xc0001da000, 0xc000294300)
	/root/go/pkg/mod/go.mau.fi/whatsmeow@v0.0.0-20220516104204-543fb5c66590/message.go:46 +0x385
go.mau.fi/whatsmeow.(*Client).handlerQueueLoop(0xc0001da000, {0x1043d88, 0xc00007cd40})
	/root/go/pkg/mod/go.mau.fi/whatsmeow@v0.0.0-20220516104204-543fb5c66590/client.go:526 +0x172
created by go.mau.fi/whatsmeow.(*Client).Connect
	/root/go/pkg/mod/go.mau.fi/whatsmeow@v0.0.0-20220516104204-543fb5c66590/client.go:290 +0x58f
[0m
13:48:30.227[31m [Client ERROR] Event handler panicked while handling a *events.Message: runtime error: slice bounds out of range [6:0]
goroutine 19 [running]:
runtime/debug.Stack()
	/usr/local/go/src/runtime/debug/stack.go:24 +0x7a
go.mau.fi/whatsmeow.(*Client).dispatchEvent.func1()
	/root/go/pkg/mod/go.mau.fi/whatsmeow@v0.0.0-20220516104204-543fb5c66590/client.go:561 +0x7f
panic({0xf59f00, 0xc000039038})
	/usr/local/go/src/runtime/panic.go:844 +0x25a
github.com/leadstolink/go-whatsapp-proxy/app/controllers.getFilename({0xfa6308, 0x5}, 0xc000355800)
	/home/whatsmeow-proxy/app/controllers/handler.go:122 +0x752
github.com/leadstolink/go-whatsapp-proxy/app/controllers.(*Controller).eventHandler(0xc000033f60, {0xed12e0, 0xc0000de8c0})
	/home/whatsmeow-proxy/app/controllers/handler.go:52 +0x67f
go.mau.fi/whatsmeow.(*Client).dispatchEvent(0xc0001da000, {0xed12e0, 0xc0000de8c0})
	/root/go/pkg/mod/go.mau.fi/whatsmeow@v0.0.0-20220516104204-543fb5c66590/client.go:565 +0x19d
go.mau.fi/whatsmeow.(*Client).handleDecryptedMessage(0xc0001da000, 0xc00023f9e0, 0xc000355800)
	/root/go/pkg/mod/go.mau.fi/whatsmeow@v0.0.0-20220516104204-543fb5c66590/message.go:379 +0x127
go.mau.fi/whatsmeow.(*Client).decryptMessages(0xc0001da000, 0xc00023f9e0, 0xc0002e4690)
	/root/go/pkg/mod/go.mau.fi/whatsmeow@v0.0.0-20220516104204-543fb5c66590/message.go:150 +0x1345
go.mau.fi/whatsmeow.(*Client).handleEncryptedMessage(0xc0001da000, 0xc0002e4690)
	/root/go/pkg/mod/go.mau.fi/whatsmeow@v0.0.0-20220516104204-543fb5c66590/message.go:46 +0x385
go.mau.fi/whatsmeow.(*Client).handlerQueueLoop(0xc0001da000, {0x1043d88, 0xc00007cd40})
	/root/go/pkg/mod/go.mau.fi/whatsmeow@v0.0.0-20220516104204-543fb5c66590/client.go:526 +0x172
created by go.mau.fi/whatsmeow.(*Client).Connect
	/root/go/pkg/mod/go.mau.fi/whatsmeow@v0.0.0-20220516104204-543fb5c66590/client.go:290 +0x58f
[0m
15:06:44.838[31m [Client ERROR] Message sending error: failed to get device list: failed to send usync query: info query timed out[0m
16:33:28.360[31m [Client ERROR] Event handler panicked while handling a *events.Message: runtime error: slice bounds out of range [6:0]
goroutine 19 [running]:
runtime/debug.Stack()
	/usr/local/go/src/runtime/debug/stack.go:24 +0x7a
go.mau.fi/whatsmeow.(*Client).dispatchEvent.func1()
	/root/go/pkg/mod/go.mau.fi/whatsmeow@v0.0.0-20220516104204-543fb5c66590/client.go:561 +0x7f
panic({0xf59f00, 0xc000296d68})
	/usr/local/go/src/runtime/panic.go:844 +0x25a
github.com/leadstolink/go-whatsapp-proxy/app/controllers.getFilename({0xfa6308, 0x5}, 0xc0005fe900)
	/home/whatsmeow-proxy/app/controllers/handler.go:122 +0x752
github.com/leadstolink/go-whatsapp-proxy/app/controllers.(*Controller).eventHandler(0xc000033f60, {0xed12e0, 0xc0000de280})
	/home/whatsmeow-proxy/app/controllers/handler.go:52 +0x67f
go.mau.fi/whatsmeow.(*Client).dispatchEvent(0xc0001da000, {0xed12e0, 0xc0000de280})
	/root/go/pkg/mod/go.mau.fi/whatsmeow@v0.0.0-20220516104204-543fb5c66590/client.go:565 +0x19d
go.mau.fi/whatsmeow.(*Client).handleDecryptedMessage(0xc0001da000, 0xc00023ed80, 0xc0005fe900)
	/root/go/pkg/mod/go.mau.fi/whatsmeow@v0.0.0-20220516104204-543fb5c66590/message.go:379 +0x127
go.mau.fi/whatsmeow.(*Client).decryptMessages(0xc0001da000, 0xc00023ed80, 0xc00025c4e0)
	/root/go/pkg/mod/go.mau.fi/whatsmeow@v0.0.0-20220516104204-543fb5c66590/message.go:150 +0x1345
go.mau.fi/whatsmeow.(*Client).handleEncryptedMessage(0xc0001da000, 0xc00025c4e0)
	/root/go/pkg/mod/go.mau.fi/whatsmeow@v0.0.0-20220516104204-543fb5c66590/message.go:46 +0x385
go.mau.fi/whatsmeow.(*Client).handlerQueueLoop(0xc0001da000, {0x1043d88, 0xc00007cd40})
	/root/go/pkg/mod/go.mau.fi/whatsmeow@v0.0.0-20220516104204-543fb5c66590/client.go:526 +0x172
created by go.mau.fi/whatsmeow.(*Client).Connect
	/root/go/pkg/mod/go.mau.fi/whatsmeow@v0.0.0-20220516104204-543fb5c66590/client.go:290 +0x58f
[0m

 â”Œâ”€â”€â”€â”€â”€â”€â”€â”€â”€â”€â”€â”€â”€â”€â”€â”€â”€â”€â”€â”€â”€â”€â”€â”€â”€â”€â”€â”€â”€â”€â”€â”€â”€â”€â”€â”€â”€â”€â”€â”€â”€â”€â”€â”€â”€â”€â”€â”€â”€â”€â”€â” 
 â”‚                   Fiber v2.32.0                   â”‚ 
 â”‚              http://127.0.0.1:13013               â”‚ 
 â”‚      (bound on host 0.0.0.0 and port 13013)       â”‚ 
 â”‚                                                   â”‚ 
 â”‚ Handlers ............ 15  Processes ........... 1 â”‚ 
 â”‚ Prefork ....... Disabled  PID .............. 4994 â”‚ 
 â””â”€â”€â”€â”€â”€â”€â”€â”€â”€â”€â”€â”€â”€â”€â”€â”€â”€â”€â”€â”€â”€â”€â”€â”€â”€â”€â”€â”€â”€â”€â”€â”€â”€â”€â”€â”€â”€â”€â”€â”€â”€â”€â”€â”€â”€â”€â”€â”€â”€â”€â”€â”˜ 


 â”Œâ”€â”€â”€â”€â”€â”€â”€â”€â”€â”€â”€â”€â”€â”€â”€â”€â”€â”€â”€â”€â”€â”€â”€â”€â”€â”€â”€â”€â”€â”€â”€â”€â”€â”€â”€â”€â”€â”€â”€â”€â”€â”€â”€â”€â”€â”€â”€â”€â”€â”€â”€â” 
 â”‚                   Fiber v2.32.0                   â”‚ 
 â”‚              http://127.0.0.1:13013               â”‚ 
 â”‚      (bound on host 0.0.0.0 and port 13013)       â”‚ 
 â”‚                                                   â”‚ 
 â”‚ Handlers ............ 15  Processes ........... 1 â”‚ 
 â”‚ Prefork ....... Disabled  PID ............. 12563 â”‚ 
 â””â”€â”€â”€â”€â”€â”€â”€â”€â”€â”€â”€â”€â”€â”€â”€â”€â”€â”€â”€â”€â”€â”€â”€â”€â”€â”€â”€â”€â”€â”€â”€â”€â”€â”€â”€â”€â”€â”€â”€â”€â”€â”€â”€â”€â”€â”€â”€â”€â”€â”€â”€â”˜ 

17:45:10.707[31m [Client ERROR] Event handler panicked while handling a *events.Message: runtime error: slice bounds out of range [6:0]
goroutine 100 [running]:
runtime/debug.Stack()
	/usr/local/go/src/runtime/debug/stack.go:24 +0x7a
go.mau.fi/whatsmeow.(*Client).dispatchEvent.func1()
	/root/go/pkg/mod/go.mau.fi/whatsmeow@v0.0.0-20220516104204-543fb5c66590/client.go:561 +0x7f
panic({0xf59f00, 0xc0009c2978})
	/usr/local/go/src/runtime/panic.go:844 +0x25a
github.com/leadstolink/go-whatsapp-proxy/app/controllers.getFilename({0xfa6308, 0x5}, 0xc0009fe000)
	/home/whatsmeow-proxy/app/controllers/handler.go:122 +0x752
github.com/leadstolink/go-whatsapp-proxy/app/controllers.(*Controller).eventHandler(0xc0001c6120, {0xed12e0, 0xc0009b6500})
	/home/whatsmeow-proxy/app/controllers/handler.go:52 +0x67f
go.mau.fi/whatsmeow.(*Client).dispatchEvent(0xc0001da000, {0xed12e0, 0xc0009b6500})
	/root/go/pkg/mod/go.mau.fi/whatsmeow@v0.0.0-20220516104204-543fb5c66590/client.go:565 +0x19d
go.mau.fi/whatsmeow.(*Client).handleDecryptedMessage(0xc0001da000, 0xc000173b00, 0xc0009fe000)
	/root/go/pkg/mod/go.mau.fi/whatsmeow@v0.0.0-20220516104204-543fb5c66590/message.go:379 +0x127
go.mau.fi/whatsmeow.(*Client).decryptMessages(0xc0001da000, 0xc000173b00, 0xc000411200)
	/root/go/pkg/mod/go.mau.fi/whatsmeow@v0.0.0-20220516104204-543fb5c66590/message.go:150 +0x1345
go.mau.fi/whatsmeow.(*Client).handleEncryptedMessage(0xc0001da000, 0xc000411200)
	/root/go/pkg/mod/go.mau.fi/whatsmeow@v0.0.0-20220516104204-543fb5c66590/message.go:46 +0x385
go.mau.fi/whatsmeow.(*Client).handlerQueueLoop(0xc0001da000, {0x1043d88, 0xc0003472c0})
	/root/go/pkg/mod/go.mau.fi/whatsmeow@v0.0.0-20220516104204-543fb5c66590/client.go:526 +0x172
created by go.mau.fi/whatsmeow.(*Client).Connect
	/root/go/pkg/mod/go.mau.fi/whatsmeow@v0.0.0-20220516104204-543fb5c66590/client.go:290 +0x58f
[0m
go-whatsapp-pro killed (pid 6803)

 â”Œâ”€â”€â”€â”€â”€â”€â”€â”€â”€â”€â”€â”€â”€â”€â”€â”€â”€â”€â”€â”€â”€â”€â”€â”€â”€â”€â”€â”€â”€â”€â”€â”€â”€â”€â”€â”€â”€â”€â”€â”€â”€â”€â”€â”€â”€â”€â”€â”€â”€â”€â”€â” 
 â”‚                   Fiber v2.32.0                   â”‚ 
 â”‚              http://127.0.0.1:10011               â”‚ 
 â”‚      (bound on host 0.0.0.0 and port 10011)       â”‚ 
 â”‚                                                   â”‚ 
 â”‚ Handlers ............ 15  Processes ........... 1 â”‚ 
 â”‚ Prefork ....... Disabled  PID .............. 6892 â”‚ 
 â””â”€â”€â”€â”€â”€â”€â”€â”€â”€â”€â”€â”€â”€â”€â”€â”€â”€â”€â”€â”€â”€â”€â”€â”€â”€â”€â”€â”€â”€â”€â”€â”€â”€â”€â”€â”€â”€â”€â”€â”€â”€â”€â”€â”€â”€â”€â”€â”€â”€â”€â”€â”˜ 


 â”Œâ”€â”€â”€â”€â”€â”€â”€â”€â”€â”€â”€â”€â”€â”€â”€â”€â”€â”€â”€â”€â”€â”€â”€â”€â”€â”€â”€â”€â”€â”€â”€â”€â”€â”€â”€â”€â”€â”€â”€â”€â”€â”€â”€â”€â”€â”€â”€â”€â”€â”€â”€â” 
 â”‚                   Fiber v2.32.0                   â”‚ 
 â”‚              http://127.0.0.1:10011               â”‚ 
 â”‚      (bound on host 0.0.0.0 and port 10011)       â”‚ 
 â”‚                                                   â”‚ 
 â”‚ Handlers ............ 15  Processes ........... 1 â”‚ 
 â”‚ Prefork ....... Disabled  PID .............. 7146 â”‚ 
 â””â”€â”€â”€â”€â”€â”€â”€â”€â”€â”€â”€â”€â”€â”€â”€â”€â”€â”€â”€â”€â”€â”€â”€â”€â”€â”€â”€â”€â”€â”€â”€â”€â”€â”€â”€â”€â”€â”€â”€â”€â”€â”€â”€â”€â”€â”€â”€â”€â”€â”€â”€â”˜ 

16:50:07.340[31m [Client ERROR] Event handler panicked while handling a *events.Message: runtime error: slice bounds out of range [6:0]
goroutine 12 [running]:
runtime/debug.Stack()
	/usr/local/go/src/runtime/debug/stack.go:24 +0x65
go.mau.fi/whatsmeow.(*Client).dispatchEvent.func1()
	/root/go/pkg/mod/go.mau.fi/whatsmeow@v0.0.0-20220516104204-543fb5c66590/client.go:561 +0x7d
panic({0xbf09c0, 0xc000042300})
	/usr/local/go/src/runtime/panic.go:884 +0x212
github.com/leadstolink/go-whatsapp-proxy/app/controllers.getFilename({0xc3c3f3?, 0xb?}, 0xc0003f9980)
	/home/whatsmeow-proxy/app/controllers/handler.go:206 +0x2fd
github.com/leadstolink/go-whatsapp-proxy/app/controllers.(*Controller).eventHandler(0xc000111f50, {0xb68480?, 0xc0000fc140})
	/home/whatsmeow-proxy/app/controllers/handler.go:74 +0x538
go.mau.fi/whatsmeow.(*Client).dispatchEvent(0xc000292000?, {0xb68480, 0xc0000fc140})
	/root/go/pkg/mod/go.mau.fi/whatsmeow@v0.0.0-20220516104204-543fb5c66590/client.go:565 +0x118
go.mau.fi/whatsmeow.(*Client).handleDecryptedMessage(0xc0000e4120?, 0xc0001c47e0, 0xc0003f9980)
	/root/go/pkg/mod/go.mau.fi/whatsmeow@v0.0.0-20220516104204-543fb5c66590/message.go:379 +0xbe
go.mau.fi/whatsmeow.(*Client).decryptMessages(0xc000292000, 0xc0001c47e0, 0xc0002040c0)
	/root/go/pkg/mod/go.mau.fi/whatsmeow@v0.0.0-20220516104204-543fb5c66590/message.go:150 +0x97a
go.mau.fi/whatsmeow.(*Client).handleEncryptedMessage(0xc000292000, 0x0?)
	/root/go/pkg/mod/go.mau.fi/whatsmeow@v0.0.0-20220516104204-543fb5c66590/message.go:46 +0x1af
go.mau.fi/whatsmeow.(*Client).handlerQueueLoop(0xc000292000, {0xd553d8, 0xc00015ab80})
	/root/go/pkg/mod/go.mau.fi/whatsmeow@v0.0.0-20220516104204-543fb5c66590/client.go:526 +0x6b
created by go.mau.fi/whatsmeow.(*Client).Connect
	/root/go/pkg/mod/go.mau.fi/whatsmeow@v0.0.0-20220516104204-543fb5c66590/client.go:290 +0x45b
[0m
18:01:11.623[31m [Client/Socket ERROR] Error reading from websocket: websocket: close 1006 (abnormal closure): unexpected EOF[0m
18:01:11.623[31m [Client/Socket ERROR] Error closing websocket: tls: failed to send closeNotify alert (but connection was closed anyway): write tcp [2a02:4780:10:e83d::1]:60538->[2a03:2880:f211:c5:face:b00c:0:167]:443: write: connection reset by peer[0m
19:36:49.564[31m [Client/Socket ERROR] Error reading from websocket: websocket: close 1006 (abnormal closure): unexpected EOF[0m
19:36:49.564[31m [Client/Socket ERROR] Error closing websocket: tls: failed to send closeNotify alert (but connection was closed anyway): write tcp [2a02:4780:10:e83d::1]:41356->[2a03:2880:f211:c5:face:b00c:0:167]:443: write: connection reset by peer[0m
20:47:18.802[31m [Client ERROR] Event handler panicked while handling a *events.Message: runtime error: slice bounds out of range [6:0]
goroutine 3495 [running]:
runtime/debug.Stack()
	/usr/local/go/src/runtime/debug/stack.go:24 +0x65
go.mau.fi/whatsmeow.(*Client).dispatchEvent.func1()
	/root/go/pkg/mod/go.mau.fi/whatsmeow@v0.0.0-20220516104204-543fb5c66590/client.go:561 +0x7d
panic({0xbf09c0, 0xc000042498})
	/usr/local/go/src/runtime/panic.go:884 +0x212
github.com/leadstolink/go-whatsapp-proxy/app/controllers.getFilename({0xc3c3f3?, 0xb?}, 0xc000320900)
	/home/whatsmeow-proxy/app/controllers/handler.go:206 +0x2fd
github.com/leadstolink/go-whatsapp-proxy/app/controllers.(*Controller).eventHandler(0xc000111f50, {0xb68480?, 0xc0000fc140})
	/home/whatsmeow-proxy/app/controllers/handler.go:74 +0x538
go.mau.fi/whatsmeow.(*Client).dispatchEvent(0xc000292000?, {0xb68480, 0xc0000fc140})
	/root/go/pkg/mod/go.mau.fi/whatsmeow@v0.0.0-20220516104204-543fb5c66590/client.go:565 +0x118
go.mau.fi/whatsmeow.(*Client).handleDecryptedMessage(0xc0000ef440?, 0xc00014aa20, 0xc000320900)
	/root/go/pkg/mod/go.mau.fi/whatsmeow@v0.0.0-20220516104204-543fb5c66590/message.go:379 +0xbe
go.mau.fi/whatsmeow.(*Client).decryptMessages(0xc000292000, 0xc00014aa20, 0xc000205080)
	/root/go/pkg/mod/go.mau.fi/whatsmeow@v0.0.0-20220516104204-543fb5c66590/message.go:150 +0x97a
go.mau.fi/whatsmeow.(*Client).handleEncryptedMessage(0xc000292000, 0x0?)
	/root/go/pkg/mod/go.mau.fi/whatsmeow@v0.0.0-20220516104204-543fb5c66590/message.go:46 +0x1af
go.mau.fi/whatsmeow.(*Client).handlerQueueLoop(0xc000292000, {0xd553d8, 0xc000088040})
	/root/go/pkg/mod/go.mau.fi/whatsmeow@v0.0.0-20220516104204-543fb5c66590/client.go:526 +0x6b
created by go.mau.fi/whatsmeow.(*Client).Connect
	/root/go/pkg/mod/go.mau.fi/whatsmeow@v0.0.0-20220516104204-543fb5c66590/client.go:290 +0x45b
[0m
21:04:10.452[31m [Client/Socket ERROR] Error reading from websocket: websocket: close 1006 (abnormal closure): unexpected EOF[0m
21:04:10.453[31m [Client/Socket ERROR] Error closing websocket: tls: failed to send closeNotify alert (but connection was closed anyway): write tcp [2a02:4780:10:e83d::1]:34172->[2a03:2880:f262:c3:face:b00c:0:167]:443: write: connection reset by peer[0m
21:47:52.166[31m [Client ERROR] Event handler panicked while handling a *events.Message: runtime error: invalid memory address or nil pointer dereference
goroutine 4058 [running]:
runtime/debug.Stack()
	/usr/local/go/src/runtime/debug/stack.go:24 +0x65
go.mau.fi/whatsmeow.(*Client).dispatchEvent.func1()
	/root/go/pkg/mod/go.mau.fi/whatsmeow@v0.0.0-20220516104204-543fb5c66590/client.go:561 +0x7d
panic({0xb79300, 0x137d250})
	/usr/local/go/src/runtime/panic.go:884 +0x212
github.com/leadstolink/go-whatsapp-proxy/app/controllers.(*Controller).eventHandler(0xc000111f50, {0xb68480?, 0xc0000fc3c0})
	/home/whatsmeow-proxy/app/controllers/handler.go:77 +0x57d
go.mau.fi/whatsmeow.(*Client).dispatchEvent(0xc000113f20?, {0xb68480, 0xc0000fc3c0})
	/root/go/pkg/mod/go.mau.fi/whatsmeow@v0.0.0-20220516104204-543fb5c66590/client.go:565 +0x118
go.mau.fi/whatsmeow.(*Client).handleDecryptedMessage(0xc000266360?, 0xc00014a7e0, 0xc0002fe180)
	/root/go/pkg/mod/go.mau.fi/whatsmeow@v0.0.0-20220516104204-543fb5c66590/message.go:379 +0xbe
go.mau.fi/whatsmeow.(*Client).decryptMessages(0xc000292000, 0xc00014a7e0, 0xc0000a0120)
	/root/go/pkg/mod/go.mau.fi/whatsmeow@v0.0.0-20220516104204-543fb5c66590/message.go:150 +0x97a
go.mau.fi/whatsmeow.(*Client).handleEncryptedMessage(0xc000292000, 0x0?)
	/root/go/pkg/mod/go.mau.fi/whatsmeow@v0.0.0-20220516104204-543fb5c66590/message.go:46 +0x1af
go.mau.fi/whatsmeow.(*Client).handlerQueueLoop(0xc000292000, {0xd553d8, 0xc0003dc200})
	/root/go/pkg/mod/go.mau.fi/whatsmeow@v0.0.0-20220516104204-543fb5c66590/client.go:526 +0x6b
created by go.mau.fi/whatsmeow.(*Client).Connect
	/root/go/pkg/mod/go.mau.fi/whatsmeow@v0.0.0-20220516104204-543fb5c66590/client.go:290 +0x45b
[0m
23:47:57.849[31m [Client ERROR] Event handler panicked while handling a *events.Message: runtime error: slice bounds out of range [6:0]
goroutine 4058 [running]:
runtime/debug.Stack()
	/usr/local/go/src/runtime/debug/stack.go:24 +0x65
go.mau.fi/whatsmeow.(*Client).dispatchEvent.func1()
	/root/go/pkg/mod/go.mau.fi/whatsmeow@v0.0.0-20220516104204-543fb5c66590/client.go:561 +0x7d
panic({0xbf09c0, 0xc000148330})
	/usr/local/go/src/runtime/panic.go:884 +0x212
github.com/leadstolink/go-whatsapp-proxy/app/controllers.getFilename({0xc3c3f3?, 0xb?}, 0xc0002fe780)
	/home/whatsmeow-proxy/app/controllers/handler.go:206 +0x2fd
github.com/leadstolink/go-whatsapp-proxy/app/controllers.(*Controller).eventHandler(0xc000111f50, {0xb68480?, 0xc0000fc3c0})
	/home/whatsmeow-proxy/app/controllers/handler.go:74 +0x538
go.mau.fi/whatsmeow.(*Client).dispatchEvent(0xc000292000?, {0xb68480, 0xc0000fc3c0})
	/root/go/pkg/mod/go.mau.fi/whatsmeow@v0.0.0-20220516104204-543fb5c66590/client.go:565 +0x118
go.mau.fi/whatsmeow.(*Client).handleDecryptedMessage(0xc000048d00?, 0xc0001c46c0, 0xc0002fe780)
	/root/go/pkg/mod/go.mau.fi/whatsmeow@v0.0.0-20220516104204-543fb5c66590/message.go:379 +0xbe
go.mau.fi/whatsmeow.(*Client).decryptMessages(0xc000292000, 0xc0001c46c0, 0xc0002040c0)
	/root/go/pkg/mod/go.mau.fi/whatsmeow@v0.0.0-20220516104204-543fb5c66590/message.go:150 +0x97a
go.mau.fi/whatsmeow.(*Client).handleEncryptedMessage(0xc000292000, 0x0?)
	/root/go/pkg/mod/go.mau.fi/whatsmeow@v0.0.0-20220516104204-543fb5c66590/message.go:46 +0x1af
go.mau.fi/whatsmeow.(*Client).handlerQueueLoop(0xc000292000, {0xd553d8, 0xc0003dc200})
	/root/go/pkg/mod/go.mau.fi/whatsmeow@v0.0.0-20220516104204-543fb5c66590/client.go:526 +0x6b
created by go.mau.fi/whatsmeow.(*Client).Connect
	/root/go/pkg/mod/go.mau.fi/whatsmeow@v0.0.0-20220516104204-543fb5c66590/client.go:290 +0x45b
[0m
01:00:27.718[31m [Client ERROR] Event handler panicked while handling a *events.Message: runtime error: slice bounds out of range [6:0]
goroutine 4058 [running]:
runtime/debug.Stack()
	/usr/local/go/src/runtime/debug/stack.go:24 +0x65
go.mau.fi/whatsmeow.(*Client).dispatchEvent.func1()
	/root/go/pkg/mod/go.mau.fi/whatsmeow@v0.0.0-20220516104204-543fb5c66590/client.go:561 +0x7d
panic({0xbf09c0, 0xc0001480f0})
	/usr/local/go/src/runtime/panic.go:884 +0x212
github.com/leadstolink/go-whatsapp-proxy/app/controllers.getFilename({0xc3c3f3?, 0xb?}, 0xc0002fef00)
	/home/whatsmeow-proxy/app/controllers/handler.go:206 +0x2fd
github.com/leadstolink/go-whatsapp-proxy/app/controllers.(*Controller).eventHandler(0xc000111f50, {0xb68480?, 0xc0000fc3c0})
	/home/whatsmeow-proxy/app/controllers/handler.go:74 +0x538
go.mau.fi/whatsmeow.(*Client).dispatchEvent(0xc000292000?, {0xb68480, 0xc0000fc3c0})
	/root/go/pkg/mod/go.mau.fi/whatsmeow@v0.0.0-20220516104204-543fb5c66590/client.go:565 +0x118
go.mau.fi/whatsmeow.(*Client).handleDecryptedMessage(0xc0000ef560?, 0xc0001c47e0, 0xc0002fef00)
	/root/go/pkg/mod/go.mau.fi/whatsmeow@v0.0.0-20220516104204-543fb5c66590/message.go:379 +0xbe
go.mau.fi/whatsmeow.(*Client).decryptMessages(0xc000292000, 0xc0001c47e0, 0xc0000a0270)
	/root/go/pkg/mod/go.mau.fi/whatsmeow@v0.0.0-20220516104204-543fb5c66590/message.go:150 +0x97a
go.mau.fi/whatsmeow.(*Client).handleEncryptedMessage(0xc000292000, 0x0?)
	/root/go/pkg/mod/go.mau.fi/whatsmeow@v0.0.0-20220516104204-543fb5c66590/message.go:46 +0x1af
go.mau.fi/whatsmeow.(*Client).handlerQueueLoop(0xc000292000, {0xd553d8, 0xc0003dc200})
	/root/go/pkg/mod/go.mau.fi/whatsmeow@v0.0.0-20220516104204-543fb5c66590/client.go:526 +0x6b
created by go.mau.fi/whatsmeow.(*Client).Connect
	/root/go/pkg/mod/go.mau.fi/whatsmeow@v0.0.0-20220516104204-543fb5c66590/client.go:290 +0x45b
[0m
